# JRE version: Java(TM) SE Runtime Environment (7.0_45-b18) (build 1.7.0_45-b18)
# Java VM: Java HotSpot(TM) 64-Bit Server VM (24.45-b08 mixed mode windows-amd64 compressed oops)
Heap
 PSYoungGen      total 233472K, used 91905K [0x00000000eaa80000, 0x0000000100000000, 0x0000000100000000)
  eden space 117248K, 0% used [0x00000000eaa80000,0x00000000eaa80000,0x00000000f1d00000)
  from space 116224K, 79% used [0x00000000f1d00000,0x00000000f76c05d0,0x00000000f8e80000)
  to   space 116224K, 0% used [0x00000000f8e80000,0x00000000f8e80000,0x0000000100000000)
 ParOldGen       total 241664K, used 206520K [0x00000000c0000000, 0x00000000cec00000, 0x00000000eaa80000)
  object space 241664K, 85% used [0x00000000c0000000,0x00000000cc9ae248,0x00000000cec00000)
 PSPermGen       total 21504K, used 6161K [0x00000000bae00000, 0x00000000bc300000, 0x00000000c0000000)
  object space 21504K, 28% used [0x00000000bae00000,0x00000000bb404710,0x00000000bc300000)
GC Heap History (10 events):
Event: 12.897 GC heap after
Heap after GC invocations=14 (full 1):
 PSYoungGen      total 247296K, used 40992K [0x00000000eaa80000, 0x00000000ffe80000, 0x0000000100000000)
  eden space 152064K, 0% used [0x00000000eaa80000,0x00000000eaa80000,0x00000000f3f00000)
  from space 95232K, 43% used [0x00000000f3f00000,0x00000000f6708160,0x00000000f9c00000)
  to   space 91648K, 0% used [0x00000000fa500000,0x00000000fa500000,0x00000000ffe80000)
 ParOldGen       total 241664K, used 166046K [0x00000000c0000000, 0x00000000cec00000, 0x00000000eaa80000)
  object space 241664K, 68% used [0x00000000c0000000,0x00000000ca227a40,0x00000000cec00000)
 PSPermGen       total 21504K, used 6135K [0x00000000bae00000, 0x00000000bc300000, 0x00000000c0000000)
  object space 21504K, 28% used [0x00000000bae00000,0x00000000bb3fde10,0x00000000bc300000)
}
Event: 13.372 GC heap before
{Heap before GC invocations=15 (full 1):
 PSYoungGen      total 247296K, used 193056K [0x00000000eaa80000, 0x00000000ffe80000, 0x0000000100000000)
  eden space 152064K, 100% used [0x00000000eaa80000,0x00000000f3f00000,0x00000000f3f00000)
  from space 95232K, 43% used [0x00000000f3f00000,0x00000000f6708160,0x00000000f9c00000)
  to   space 91648K, 0% used [0x00000000fa500000,0x00000000fa500000,0x00000000ffe80000)
 ParOldGen       total 241664K, used 166046K [0x00000000c0000000, 0x00000000cec00000, 0x00000000eaa80000)
  object space 241664K, 68% used [0x00000000c0000000,0x00000000ca227a40,0x00000000cec00000)
 PSPermGen       total 21504K, used 6151K [0x00000000bae00000, 0x00000000bc300000, 0x00000000c0000000)
  object space 21504K, 28% used [0x00000000bae00000,0x00000000bb401ff8,0x00000000bc300000)
Event: 13.475 GC heap after
Heap after GC invocations=15 (full 1):
 PSYoungGen      total 247808K, used 65587K [0x00000000eaa80000, 0x0000000100000000, 0x0000000100000000)
  eden space 156160K, 0% used [0x00000000eaa80000,0x00000000eaa80000,0x00000000f4300000)
  from space 91648K, 71% used [0x00000000fa500000,0x00000000fe50cf90,0x00000000ffe80000)
  to   space 96768K, 0% used [0x00000000f4300000,0x00000000f4300000,0x00000000fa180000)
 ParOldGen       total 241664K, used 166046K [0x00000000c0000000, 0x00000000cec00000, 0x00000000eaa80000)
  object space 241664K, 68% used [0x00000000c0000000,0x00000000ca227a40,0x00000000cec00000)
 PSPermGen       total 21504K, used 6151K [0x00000000bae00000, 0x00000000bc300000, 0x00000000c0000000)
  object space 21504K, 28% used [0x00000000bae00000,0x00000000bb401ff8,0x00000000bc300000)
}
Event: 13.858 GC heap before
{Heap before GC invocations=16 (full 1):
 PSYoungGen      total 247808K, used 221747K [0x00000000eaa80000, 0x0000000100000000, 0x0000000100000000)
  eden space 156160K, 100% used [0x00000000eaa80000,0x00000000f4300000,0x00000000f4300000)
  from space 91648K, 71% used [0x00000000fa500000,0x00000000fe50cf90,0x00000000ffe80000)
  to   space 96768K, 0% used [0x00000000f4300000,0x00000000f4300000,0x00000000fa180000)
 ParOldGen       total 241664K, used 166046K [0x00000000c0000000, 0x00000000cec00000, 0x00000000eaa80000)
  object space 241664K, 68% used [0x00000000c0000000,0x00000000ca227a40,0x00000000cec00000)
 PSPermGen       total 21504K, used 6156K [0x00000000bae00000, 0x00000000bc300000, 0x00000000c0000000)
  object space 21504K, 28% used [0x00000000bae00000,0x00000000bb403028,0x00000000bc300000)
Event: 13.994 GC heap after
Heap after GC invocations=16 (full 1):
 PSYoungGen      total 245248K, used 88824K [0x00000000eaa80000, 0x0000000100000000, 0x0000000100000000)
  eden space 156160K, 0% used [0x00000000eaa80000,0x00000000eaa80000,0x00000000f4300000)
  from space 89088K, 99% used [0x00000000f4300000,0x00000000f99be130,0x00000000f9a00000)
  to   space 104448K, 0% used [0x00000000f9a00000,0x00000000f9a00000,0x0000000100000000)
 ParOldGen       total 241664K, used 166046K [0x00000000c0000000, 0x00000000cec00000, 0x00000000eaa80000)
  object space 241664K, 68% used [0x00000000c0000000,0x00000000ca227a40,0x00000000cec00000)
 PSPermGen       total 21504K, used 6156K [0x00000000bae00000, 0x00000000bc300000, 0x00000000c0000000)
  object space 21504K, 28% used [0x00000000bae00000,0x00000000bb403028,0x00000000bc300000)
}
Event: 14.385 GC heap before
{Heap before GC invocations=17 (full 1):
 PSYoungGen      total 245248K, used 244984K [0x00000000eaa80000, 0x0000000100000000, 0x0000000100000000)
  eden space 156160K, 100% used [0x00000000eaa80000,0x00000000f4300000,0x00000000f4300000)
  from space 89088K, 99% used [0x00000000f4300000,0x00000000f99be130,0x00000000f9a00000)
  to   space 104448K, 0% used [0x00000000f9a00000,0x00000000f9a00000,0x0000000100000000)
 ParOldGen       total 241664K, used 166046K [0x00000000c0000000, 0x00000000cec00000, 0x00000000eaa80000)
  object space 241664K, 68% used [0x00000000c0000000,0x00000000ca227a40,0x00000000cec00000)
 PSPermGen       total 21504K, used 6161K [0x00000000bae00000, 0x00000000bc300000, 0x00000000c0000000)
  object space 21504K, 28% used [0x00000000bae00000,0x00000000bb404660,0x00000000bc300000)
Event: 14.577 GC heap after
Heap after GC invocations=17 (full 1):
 PSYoungGen      total 221696K, used 96459K [0x00000000eaa80000, 0x0000000100000000, 0x0000000100000000)
  eden space 117248K, 0% used [0x00000000eaa80000,0x00000000eaa80000,0x00000000f1d00000)
  from space 104448K, 92% used [0x00000000f9a00000,0x00000000ff832fe0,0x0000000100000000)
  to   space 116224K, 0% used [0x00000000f1d00000,0x00000000f1d00000,0x00000000f8e80000)
 ParOldGen       total 241664K, used 185435K [0x00000000c0000000, 0x00000000cec00000, 0x00000000eaa80000)
  object space 241664K, 76% used [0x00000000c0000000,0x00000000cb516d80,0x00000000cec00000)
 PSPermGen       total 21504K, used 6161K [0x00000000bae00000, 0x00000000bc300000, 0x00000000c0000000)
  object space 21504K, 28% used [0x00000000bae00000,0x00000000bb404660,0x00000000bc300000)
}
Event: 14.793 GC heap before
{Heap before GC invocations=18 (full 1):
 PSYoungGen      total 221696K, used 213707K [0x00000000eaa80000, 0x0000000100000000, 0x0000000100000000)
  eden space 117248K, 100% used [0x00000000eaa80000,0x00000000f1d00000,0x00000000f1d00000)
  from space 104448K, 92% used [0x00000000f9a00000,0x00000000ff832fe0,0x0000000100000000)
  to   space 116224K, 0% used [0x00000000f1d00000,0x00000000f1d00000,0x00000000f8e80000)
 ParOldGen       total 241664K, used 185435K [0x00000000c0000000, 0x00000000cec00000, 0x00000000eaa80000)
  object space 241664K, 76% used [0x00000000c0000000,0x00000000cb516d80,0x00000000cec00000)
 PSPermGen       total 21504K, used 6161K [0x00000000bae00000, 0x00000000bc300000, 0x00000000c0000000)
  object space 21504K, 28% used [0x00000000bae00000,0x00000000bb404710,0x00000000bc300000)
Event: 14.935 GC heap after
Heap after GC invocations=18 (full 1):
 PSYoungGen      total 233472K, used 91905K [0x00000000eaa80000, 0x0000000100000000, 0x0000000100000000)
  eden space 117248K, 0% used [0x00000000eaa80000,0x00000000eaa80000,0x00000000f1d00000)
  from space 116224K, 79% used [0x00000000f1d00000,0x00000000f76c05d0,0x00000000f8e80000)
  to   space 116224K, 0% used [0x00000000f8e80000,0x00000000f8e80000,0x0000000100000000)
 ParOldGen       total 241664K, used 206520K [0x00000000c0000000, 0x00000000cec00000, 0x00000000eaa80000)
  object space 241664K, 85% used [0x00000000c0000000,0x00000000cc9ae248,0x00000000cec00000)
 PSPermGen       total 21504K, used 6161K [0x00000000bae00000, 0x00000000bc300000, 0x00000000c0000000)
  object space 21504K, 28% used [0x00000000bae00000,0x00000000bb404710,0x00000000bc300000)
}
Event: 14.935 GC heap before
{Heap before GC invocations=19 (full 2):
 PSYoungGen      total 233472K, used 91905K [0x00000000eaa80000, 0x0000000100000000, 0x0000000100000000)
  eden space 117248K, 0% used [0x00000000eaa80000,0x00000000eaa80000,0x00000000f1d00000)
  from space 116224K, 79% used [0x00000000f1d00000,0x00000000f76c05d0,0x00000000f8e80000)
  to   space 116224K, 0% used [0x00000000f8e80000,0x00000000f8e80000,0x0000000100000000)
 ParOldGen       total 241664K, used 206520K [0x00000000c0000000, 0x00000000cec00000, 0x00000000eaa80000)
  object space 241664K, 85% used [0x00000000c0000000,0x00000000cc9ae248,0x00000000cec00000)
 PSPermGen       total 21504K, used 6161K [0x00000000bae00000, 0x00000000bc300000, 0x00000000c0000000)
  object space 21504K, 28% used [0x00000000bae00000,0x00000000bb404710,0x00000000bc300000)

